00:24:00,627 (main) INFO  [uniandes.isis2304.superAndes.interfazApp.InterfazSuperAndesApp] - Se encontró un archivo de configuración válido: Interfaz
00:24:00,628 (main) INFO  [uniandes.isis2304.superAndes.interfazApp.InterfazSuperAndesApp] - Se aplica configuración indicada en el archivo de configuración
00:24:00,641 (main) INFO  [uniandes.isis2304.superAndes.interfazApp.InterfazSuperAndesApp] - Se encontró un archivo de configuración válido: Tablas BD
00:26:39,871 (main) INFO  [uniandes.isis2304.superAndes.interfazApp.InterfazSuperAndesApp] - Se encontró un archivo de configuración válido: Interfaz
00:26:39,872 (main) INFO  [uniandes.isis2304.superAndes.interfazApp.InterfazSuperAndesApp] - Se aplica configuración indicada en el archivo de configuración
00:26:39,885 (main) INFO  [uniandes.isis2304.superAndes.interfazApp.InterfazSuperAndesApp] - Se encontró un archivo de configuración válido: Tablas BD
00:27:08,411 (main) INFO  [uniandes.isis2304.superAndes.interfazApp.InterfazSuperAndesApp] - Se encontró un archivo de configuración válido: Interfaz
00:27:08,411 (main) INFO  [uniandes.isis2304.superAndes.interfazApp.InterfazSuperAndesApp] - Se aplica configuración indicada en el archivo de configuración
00:27:08,424 (main) INFO  [uniandes.isis2304.superAndes.interfazApp.InterfazSuperAndesApp] - Se encontró un archivo de configuración válido: Tablas BD
00:30:25,599 (main) INFO  [uniandes.isis2304.superAndes.interfazApp.InterfazSuperAndesApp] - Se encontró un archivo de configuración válido: Interfaz
00:30:25,600 (main) INFO  [uniandes.isis2304.superAndes.interfazApp.InterfazSuperAndesApp] - Se aplica configuración indicada en el archivo de configuración
00:30:25,613 (main) INFO  [uniandes.isis2304.superAndes.interfazApp.InterfazSuperAndesApp] - Se encontró un archivo de configuración válido: Tablas BD
00:31:13,334 (main) INFO  [uniandes.isis2304.superAndes.interfazApp.InterfazSuperAndesApp] - Se encontró un archivo de configuración válido: Interfaz
00:31:13,334 (main) INFO  [uniandes.isis2304.superAndes.interfazApp.InterfazSuperAndesApp] - Se aplica configuración indicada en el archivo de configuración
00:31:13,347 (main) INFO  [uniandes.isis2304.superAndes.interfazApp.InterfazSuperAndesApp] - Se encontró un archivo de configuración válido: Tablas BD
00:47:07,908 (main) INFO  [uniandes.isis2304.superAndes.interfazApp.InterfazSuperAndesApp] - Se encontró un archivo de configuración válido: Interfaz
00:47:07,909 (main) INFO  [uniandes.isis2304.superAndes.interfazApp.InterfazSuperAndesApp] - Se aplica configuración indicada en el archivo de configuración
00:47:07,922 (main) INFO  [uniandes.isis2304.superAndes.interfazApp.InterfazSuperAndesApp] - Se encontró un archivo de configuración válido: Tablas BD
00:48:57,093 (main) INFO  [uniandes.isis2304.superAndes.interfazApp.InterfazSuperAndesApp] - Se encontró un archivo de configuración válido: Interfaz
00:48:57,093 (main) INFO  [uniandes.isis2304.superAndes.interfazApp.InterfazSuperAndesApp] - Se aplica configuración indicada en el archivo de configuración
00:48:57,106 (main) INFO  [uniandes.isis2304.superAndes.interfazApp.InterfazSuperAndesApp] - Se encontró un archivo de configuración válido: Tablas BD
12:52:19,749 (main) INFO  [uniandes.isis2304.superAndes.interfazApp.InterfazSuperAndesApp] - Se encontró un archivo de configuración válido: Interfaz
12:52:19,749 (main) INFO  [uniandes.isis2304.superAndes.interfazApp.InterfazSuperAndesApp] - Se aplica configuración indicada en el archivo de configuración
12:52:19,763 (main) INFO  [uniandes.isis2304.superAndes.interfazApp.InterfazSuperAndesApp] - Se encontró un archivo de configuración válido: Tablas BD
22:13:08,052 (main) INFO  [uniandes.isis2304.superAndes.interfazApp.InterfazSuperAndesApp] - Se encontró un archivo de configuración válido: Interfaz
22:13:08,052 (main) INFO  [uniandes.isis2304.superAndes.interfazApp.InterfazSuperAndesApp] - Se aplica configuración indicada en el archivo de configuración
22:13:08,066 (main) INFO  [uniandes.isis2304.superAndes.interfazApp.InterfazSuperAndesApp] - Se encontró un archivo de configuración válido: Tablas BD
22:13:33,664 (AWT-EventQueue-0) INFO  [uniandes.isis2304.superAndes.negocio.SuperAndes] - Adicionando proveedor: Doria
22:13:33,878 (AWT-EventQueue-0) ERROR [uniandes.isis2304.superAndes.persistencia.PersistenciaSuperAndes] - Exception : Error con la ejecucion de Query de SQL "INSERT INTO A_PRODUCTOSENBODEGA (nit, nombre, calificacion) VALUES (?, ? , ?)".
ORA-00942: la tabla o vista no existe

22:13:33,882 (AWT-EventQueue-0) INFO  [uniandes.isis2304.superAndes.negocio.SuperAndes] - Adicionado
22:14:05,561 (main) INFO  [uniandes.isis2304.superAndes.interfazApp.InterfazSuperAndesApp] - Se encontró un archivo de configuración válido: Interfaz
22:14:05,562 (main) INFO  [uniandes.isis2304.superAndes.interfazApp.InterfazSuperAndesApp] - Se aplica configuración indicada en el archivo de configuración
22:14:05,574 (main) INFO  [uniandes.isis2304.superAndes.interfazApp.InterfazSuperAndesApp] - Se encontró un archivo de configuración válido: Tablas BD
22:14:18,637 (main) INFO  [uniandes.isis2304.superAndes.test.ConexionTest] - Probando el acceso a la base de datos con datos de usuario correctos, pero sin crear el esquema
22:14:18,806 (main) INFO  [uniandes.isis2304.superAndes.test.ConexionTest] - Se encontró un archivo de configuración de tablas válido
22:14:20,122 (main) INFO  [uniandes.isis2304.superAndes.negocio.SuperAndes] - Consultando Tipos.
22:14:20,233 (main) INFO  [uniandes.isis2304.superAndes.test.ConexionTest] - Prueba de tabla inexistente correcta. La excepción generada es: javax.jdo.JDODataStoreException
22:14:20,233 (main) INFO  [uniandes.isis2304.superAndes.test.ConexionTest] - La causa es: java.sql.SQLSyntaxErrorException: ORA-00942: la tabla o vista no existe

22:14:20,233 (main) INFO  [uniandes.isis2304.superAndes.negocio.SuperAndes] - Limpiando la BD de SuperAndes
22:14:20,236 (main) ERROR [uniandes.isis2304.superAndes.persistencia.PersistenciaSuperAndes] - Exception : Index: 22, Size: 22

22:14:20,238 (main) INFO  [uniandes.isis2304.superAndes.negocio.SuperAndes] - Limpiando la BD de SuperAndes: Listo!
22:14:20,241 (main) INFO  [uniandes.isis2304.superAndes.test.ConexionTest] - Probando el acceso a la base de datos con una base de datos que no existe
22:14:20,246 (main) INFO  [uniandes.isis2304.superAndes.test.ConexionTest] - Se encontró un archivo de configuración de tablas válido
22:14:20,281 (main) INFO  [uniandes.isis2304.superAndes.test.ConexionTest] - Prueba realizada exitosamente. La excepción generada es: javax.jdo.JDOFatalUserException
22:14:20,281 (main) INFO  [uniandes.isis2304.superAndes.test.ConexionTest] - La causa es: javax.jdo.JDOFatalDataStoreException: Listener refused the connection with the following error:
ORA-12505, TNS:listener does not currently know of SID given in connect descriptor
 
NestedThrowables:
java.sql.SQLException: Listener refused the connection with the following error:
ORA-12505, TNS:listener does not currently know of SID given in connect descriptor
 
22:14:20,281 (main) INFO  [uniandes.isis2304.superAndes.test.ConexionTest] - Probando el acceso a la base de datos con datos de usuario incorrectos
22:14:20,288 (main) INFO  [uniandes.isis2304.superAndes.test.ConexionTest] - Se encontró un archivo de configuración de tablas válido
22:14:21,340 (main) INFO  [uniandes.isis2304.superAndes.test.ConexionTest] - Prueba realizada exitosamente. La excepción generada es: javax.jdo.JDOFatalUserException
22:14:21,340 (main) INFO  [uniandes.isis2304.superAndes.test.ConexionTest] - La causa es: javax.jdo.JDOFatalDataStoreException: ORA-01017: invalid username/password; logon denied

NestedThrowables:
java.sql.SQLException: ORA-01017: invalid username/password; logon denied

22:14:21,341 (main) INFO  [uniandes.isis2304.superAndes.test.ConexionTest] - Probando el acceso a la base de datos con datos válidos (BD, credenciales, esquema
22:14:21,341 (main) INFO  [uniandes.isis2304.superAndes.test.ConexionTest] - Se encontró un archivo de configuración de tablas válido
22:14:21,477 (main) INFO  [uniandes.isis2304.superAndes.test.ConexionTest] - Conexión realizada correctamente
22:14:21,477 (main) INFO  [uniandes.isis2304.superAndes.test.ConexionTest] - Cerrando la conexión
22:14:21,479 (main) INFO  [uniandes.isis2304.superAndes.test.ConexionTest] - Conexión cerrada
22:15:43,259 (AWT-EventQueue-0) INFO  [uniandes.isis2304.superAndes.negocio.SuperAndes] - Adicionando proveedor: 111
22:15:43,464 (AWT-EventQueue-0) ERROR [uniandes.isis2304.superAndes.persistencia.PersistenciaSuperAndes] - Exception : Error con la ejecucion de Query de SQL "INSERT INTO A_PRODUCTOSENBODEGA (nit, nombre, calificacion) VALUES (?, ? , ?)".
ORA-00942: la tabla o vista no existe

22:15:43,468 (AWT-EventQueue-0) INFO  [uniandes.isis2304.superAndes.negocio.SuperAndes] - Adicionado
